[2016-12-26 17:17:10,367 - RADAR Hive MTP - INFO ] ==> Start ...
[2016-12-26 17:17:10,369 - RADAR Hive MTP - INFO ] ==> Start instantiating Spark SQL instance ... 
[2016-12-26 17:19:17,645 - RADAR Hive MTP - INFO ] ==> Start ...
[2016-12-26 17:19:17,646 - RADAR Hive MTP - INFO ] ==> Start instantiating Spark SQL instance ... 
[2016-12-26 17:20:48,643 - root     - INFO ] Exception while sending command.
Traceback (most recent call last):
  File "/opt/spark-2.0.0-bin-hadoop2.6/python/lib/py4j-0.10.1-src.zip/py4j/java_gateway.py", line 695, in send_command
    response = connection.send_command(command)
  File "/opt/spark-2.0.0-bin-hadoop2.6/python/lib/py4j-0.10.1-src.zip/py4j/java_gateway.py", line 840, in send_command
    raise Py4JNetworkError("Error while sending or receiving", e)
Py4JNetworkError: Error while sending or receiving
[2016-12-26 17:25:43,969 - RADAR Hive MTP - INFO ] ==> Start ...
[2016-12-26 17:25:43,970 - RADAR Hive MTP - INFO ] ==> Start instantiating Spark SQL instance ... 
[2016-12-26 17:28:55,375 - RADAR Hive MTP - INFO ] ==> Start ...
[2016-12-26 17:28:55,376 - RADAR Hive MTP - INFO ] ==> Start instantiating Spark SQL instance ... 
[2016-12-26 17:33:48,707 - RADAR Hive MTP - INFO ] ==> Start ...
[2016-12-26 17:37:04,439 - RADAR Hive MTP - INFO ] ==> Start ...
[2016-12-26 20:58:45,342 - RADAR Hive MTP - INFO ] ==> Start ...
[2016-12-26 20:58:45,342 - RADAR Hive MTP - INFO ] ==> Start instantiating Spark SQL instance ... 
[2016-12-26 21:01:01,435 - RADAR Hive MTP - INFO ] ==> Start ...
[2016-12-26 21:01:01,435 - RADAR Hive MTP - INFO ] ==> Start instantiating Spark SQL instance ... 
[2016-12-26 21:01:15,745 - RADAR Hive MTP - DEBUG] select distinct 1051041 as p_src_sys_cd, tcurt.waers as CURR_CD, tcurt.ltext as curr_nm,null as curr_dn, from_unixtime(unix_timestamp(),'yyyy-MM-dd HH:mm:ss') as RADAR_UPD_TS, 'ic_fi1_1051041_curr' as RADAR_UPD_BY_PRS_ID, 'N' as radar_dlt_ind, 1051041 as src_sys_cd from 200836_az_fi1_1051041.tcurt where tcurt.spras='E'
[2016-12-26 21:07:01,801 - RADAR Hive MTP - INFO ] ==> Start ...
[2016-12-26 21:07:01,801 - RADAR Hive MTP - INFO ] ==> Start instantiating Spark SQL instance ... 
[2016-12-26 21:07:19,409 - RADAR Hive MTP - DEBUG] select distinct 1051041 as p_src_sys_cd, tcurt.waers as CURR_CD, tcurt.ltext as curr_nm,null as curr_dn, from_unixtime(unix_timestamp(),'yyyy-MM-dd HH:mm:ss') as RADAR_UPD_TS, 'ic_fi1_1051041_curr' as RADAR_UPD_BY_PRS_ID, 'N' as radar_dlt_ind, 1051041 as src_sys_cd from 200836_az_fi1_1051041.tcurt where tcurt.spras='E'
[2016-12-26 21:10:36,923 - RADAR Hive MTP - INFO ] ==> Start ...
[2016-12-26 21:10:36,923 - RADAR Hive MTP - INFO ] ==> Start instantiating Spark SQL instance ... 
[2016-12-26 21:10:53,466 - RADAR Hive MTP - DEBUG] select distinct 1051041 as p_src_sys_cd, tcurt.waers as CURR_CD, tcurt.ltext as curr_nm,null as curr_dn, from_unixtime(unix_timestamp(),'yyyy-MM-dd HH:mm:ss') as RADAR_UPD_TS, 'ic_fi1_1051041_curr' as RADAR_UPD_BY_PRS_ID, 'N' as radar_dlt_ind, 1051041 as src_sys_cd from 200836_az_fi1_1051041.tcurt where tcurt.spras='E'
